
======================================
Running ALL Firefly Server Tests
Time: Tue Oct  7 12:16:50 BST 2025
======================================
============================= test session starts ==============================
platform darwin -- Python 3.12.3, pytest-8.4.2, pluggy-1.6.0 -- /Library/Frameworks/Python.framework/Versions/3.12/bin/python3.12
cachedir: .pytest_cache
rootdir: /Users/asnaroo/Desktop/experiments/miso/apps/firefly/product/server/imp/py
plugins: anyio-4.3.0
collecting ... collected 4 items

tests/test_features.py::test_ping_serverResponds PASSED                  [ 25%]
tests/test_features.py::test_ping_detectsServerRunning PASSED            [ 50%]
tests/test_features.py::test_ping_detectsServerDown PASSED               [ 75%]
tests/test_features.py::test_all PASSED                                  [100%]

============================== 4 passed in 0.16s ===============================
======================================
✅ All tests passed!
Results saved to: /Users/asnaroo/Desktop/experiments/miso/apps/firefly/product/server/imp/py/test-results.log

